<?xml version="1.0" encoding="UTF-8"?>
<!-- Generated by org.testng.reporters.JUnitReportReporter -->
<testsuite skipped="0" hostname="DESKTOP-66A6QG1" name="Test01_GET" tests="4" failures="0" timestamp="22 Sep 2020 01:28:10 GMT" time="6.057" errors="0">
  <testcase name="test_04" time="0.242" classname="Test01_GET"/>
  <testcase name="test_02" time="1.709" classname="Test01_GET"/>
  <testcase name="test_01" time="3.800" classname="Test01_GET"/>
  <testcase name="test_03" time="0.306" classname="Test01_GET"/>
</testsuite> <!-- Test01_GET -->
