<?xml version="1.0" encoding="UTF-8"?>
<!-- Generated by org.testng.reporters.JUnitReportReporter -->
<testsuite skipped="0" hostname="DESKTOP-66A6QG1" name="Test01_GET" tests="2" failures="0" timestamp="21 Sep 2020 21:03:58 GMT" time="8.053" errors="0">
  <testcase name="test_02" time="1.644" classname="Test01_GET"/>
  <testcase name="test_01" time="6.409" classname="Test01_GET"/>
</testsuite> <!-- Test01_GET -->
